<?xml version="1.0" encoding="UTF-8"?>
<testng-results skipped="0" failed="0" total="1" passed="1">
  <reporter-output>
  </reporter-output>
  <suite name="Default suite" duration-ms="65310" started-at="2020-03-03T11:08:02Z" finished-at="2020-03-03T11:09:07Z">
    <groups>
    </groups>
    <test name="Default test" duration-ms="65310" started-at="2020-03-03T11:08:02Z" finished-at="2020-03-03T11:09:07Z">
      <class name="com.okdollar.test.paytotest">
        <test-method status="PASS" signature="setUp()[pri:0, instance:com.okdollar.test.paytotest@57855c9a]" name="setUp" is-config="true" duration-ms="12601" started-at="2020-03-03T17:38:02Z" finished-at="2020-03-03T17:38:15Z">
          <reporter-output>
          </reporter-output>
        </test-method> <!-- setUp -->
        <test-method status="PASS" signature="homeicon()[pri:0, instance:com.okdollar.test.paytotest@57855c9a]" name="homeicon" duration-ms="52690" started-at="2020-03-03T17:38:15Z" finished-at="2020-03-03T17:39:07Z">
          <reporter-output>
          </reporter-output>
        </test-method> <!-- homeicon -->
        <test-method status="PASS" signature="teardown()[pri:0, instance:com.okdollar.test.paytotest@57855c9a]" name="teardown" is-config="true" duration-ms="0" started-at="2020-03-03T17:39:07Z" finished-at="2020-03-03T17:39:07Z">
          <reporter-output>
          </reporter-output>
        </test-method> <!-- teardown -->
      </class> <!-- com.okdollar.test.paytotest -->
    </test> <!-- Default test -->
  </suite> <!-- Default suite -->
</testng-results>
