<?xml version="1.0" encoding="UTF-8"?>
<testng-results skipped="0" failed="0" total="1" passed="1">
  <reporter-output>
  </reporter-output>
  <suite name="Default suite" duration-ms="17714" started-at="2020-02-24T09:57:27Z" finished-at="2020-02-24T09:57:45Z">
    <groups>
    </groups>
    <test name="Default test" duration-ms="17714" started-at="2020-02-24T09:57:27Z" finished-at="2020-02-24T09:57:45Z">
      <class name="com.okdollar.test.topupothertest">
        <test-method status="PASS" signature="setUp()[pri:0, instance:com.okdollar.test.topupothertest@185d8b6]" name="setUp" is-config="true" duration-ms="17695" started-at="2020-02-24T16:27:27Z" finished-at="2020-02-24T16:27:45Z">
          <reporter-output>
          </reporter-output>
        </test-method> <!-- setUp -->
        <test-method status="PASS" signature="ooredootopupselamt()[pri:0, instance:com.okdollar.test.topupothertest@185d8b6]" name="ooredootopupselamt" duration-ms="5" started-at="2020-02-24T16:27:45Z" finished-at="2020-02-24T16:27:45Z">
          <reporter-output>
          </reporter-output>
        </test-method> <!-- ooredootopupselamt -->
      </class> <!-- com.okdollar.test.topupothertest -->
    </test> <!-- Default test -->
  </suite> <!-- Default suite -->
</testng-results>
